<?xml version="1.0" encoding="UTF-8"?>
<testsuite name="com.revature.service.ReimbursementServiceTest" tests="35" skipped="0" failures="0" errors="0" timestamp="2022-04-06T18:14:30" hostname="DARTH-CAIT" time="0.159">
  <properties/>
  <testcase name="attemptToEditResolvedReimbursement()" classname="com.revature.service.ReimbursementServiceTest" time="0.063"/>
  <testcase name="updateReimbursementStatusWithInvalidStatusCode()" classname="com.revature.service.ReimbursementServiceTest" time="0.003"/>
  <testcase name="testAddValidReimbursement()" classname="com.revature.service.ReimbursementServiceTest" time="0.022"/>
  <testcase name="getReimbursementsByValidDepartment()" classname="com.revature.service.ReimbursementServiceTest" time="0.002"/>
  <testcase name="getAllReimbursementsByValidStatusAndInvalidDepartment()" classname="com.revature.service.ReimbursementServiceTest" time="0.002"/>
  <testcase name="failToUpdateResolvedReimbursementStatus()" classname="com.revature.service.ReimbursementServiceTest" time="0.002"/>
  <testcase name="editUnresolvedReimbursementInvalidType()" classname="com.revature.service.ReimbursementServiceTest" time="0.003"/>
  <testcase name="getAllReimbursementsByValidStatusAndDepartment()" classname="com.revature.service.ReimbursementServiceTest" time="0.002"/>
  <testcase name="testAddReimbursementInvalidType()" classname="com.revature.service.ReimbursementServiceTest" time="0.001"/>
  <testcase name="getReimbursementByInvalidId()" classname="com.revature.service.ReimbursementServiceTest" time="0.001"/>
  <testcase name="deleteResolvedReimbursement()" classname="com.revature.service.ReimbursementServiceTest" time="0.001"/>
  <testcase name="testAddReimbursementInvalidImage()" classname="com.revature.service.ReimbursementServiceTest" time="0.003"/>
  <testcase name="getAllReimbursementsByInvalidStatus()" classname="com.revature.service.ReimbursementServiceTest" time="0.001"/>
  <testcase name="getAllReimbursementsByInvalidStatusAndValidDepartment()" classname="com.revature.service.ReimbursementServiceTest" time="0.001"/>
  <testcase name="getReimbursementsByInvalidDepartment()" classname="com.revature.service.ReimbursementServiceTest" time="0.001"/>
  <testcase name="getReimbursementByValidId()" classname="com.revature.service.ReimbursementServiceTest" time="0.002"/>
  <testcase name="testAddReimbursementImageSizeTooLarge()" classname="com.revature.service.ReimbursementServiceTest" time="0.003"/>
  <testcase name="getAllReimbursements()" classname="com.revature.service.ReimbursementServiceTest" time="0.002"/>
  <testcase name="testAddReimbursementNegativeAmount()" classname="com.revature.service.ReimbursementServiceTest" time="0.001"/>
  <testcase name="getReimbursementsByValidUserAndValidStatus()" classname="com.revature.service.ReimbursementServiceTest" time="0.002"/>
  <testcase name="attemptToDeleteNonExistentReimbursement()" classname="com.revature.service.ReimbursementServiceTest" time="0.002"/>
  <testcase name="getReimbursementThatDoesNotExist()" classname="com.revature.service.ReimbursementServiceTest" time="0.002"/>
  <testcase name="getAllReumbursementsForAUser()" classname="com.revature.service.ReimbursementServiceTest" time="0.002"/>
  <testcase name="editUnresolvedReimbursementInvalidReimbursementId()" classname="com.revature.service.ReimbursementServiceTest" time="0.001"/>
  <testcase name="getReimbursementsByValidUserAndValidStatusWithOddCasing()" classname="com.revature.service.ReimbursementServiceTest" time="0.001"/>
  <testcase name="getAllReimbursementsByValidStatus()" classname="com.revature.service.ReimbursementServiceTest" time="0.001"/>
  <testcase name="failToUpdateNonexistentReimbursementStatus()" classname="com.revature.service.ReimbursementServiceTest" time="0.003"/>
  <testcase name="deleteUnresolvedReimbursement()" classname="com.revature.service.ReimbursementServiceTest" time="0.005"/>
  <testcase name="getReimbursementsByValidUserAndInvalidStatus()" classname="com.revature.service.ReimbursementServiceTest" time="0.0"/>
  <testcase name="getReimbursementsByInvalidUserAndValidStatus()" classname="com.revature.service.ReimbursementServiceTest" time="0.001"/>
  <testcase name="testAddValidReimbursementTrimDescription()" classname="com.revature.service.ReimbursementServiceTest" time="0.002"/>
  <testcase name="updateUnresolvedReimbursementStatus()" classname="com.revature.service.ReimbursementServiceTest" time="0.002"/>
  <testcase name="getAllReimbursementsForAnInvalidUser()" classname="com.revature.service.ReimbursementServiceTest" time="0.001"/>
  <testcase name="editUnresolvedReimbursementUserNegativeAmount()" classname="com.revature.service.ReimbursementServiceTest" time="0.004"/>
  <testcase name="editUnresolvedReimbursementUser()" classname="com.revature.service.ReimbursementServiceTest" time="0.003"/>
  <system-out><![CDATA[12:14:30,593 |-INFO in ch.qos.logback.classic.LoggerContext[default] - Could NOT find resource [logback-test.xml]
12:14:30,593 |-INFO in ch.qos.logback.classic.LoggerContext[default] - Found resource [logback.xml] at [file:/C:/Users/cetal/Developer/Projects/CaitlinTalerico/project-1-reimbursement-system/app/project-1-employee-reimbursement/build/resources/test/logback.xml]
12:14:30,594 |-WARN in ch.qos.logback.classic.LoggerContext[default] - Resource [logback.xml] occurs multiple times on the classpath.
12:14:30,594 |-WARN in ch.qos.logback.classic.LoggerContext[default] - Resource [logback.xml] occurs at [file:/C:/Users/cetal/Developer/Projects/CaitlinTalerico/project-1-reimbursement-system/app/project-1-employee-reimbursement/build/resources/main/logback.xml]
12:14:30,594 |-WARN in ch.qos.logback.classic.LoggerContext[default] - Resource [logback.xml] occurs at [file:/C:/Users/cetal/Developer/Projects/CaitlinTalerico/project-1-reimbursement-system/app/project-1-employee-reimbursement/build/resources/test/logback.xml]
12:14:30,693 |-INFO in ch.qos.logback.classic.joran.action.ConfigurationAction - debug attribute not set
12:14:30,694 |-INFO in ch.qos.logback.core.joran.action.AppenderAction - About to instantiate appender of type [ch.qos.logback.core.ConsoleAppender]
12:14:30,710 |-INFO in ch.qos.logback.core.joran.action.AppenderAction - Naming appender as [myConsoleAppender]
12:14:30,720 |-INFO in ch.qos.logback.core.joran.action.NestedComplexPropertyIA - Assuming default type [ch.qos.logback.classic.encoder.PatternLayoutEncoder] for [encoder] property
12:14:30,772 |-INFO in ch.qos.logback.core.joran.action.AppenderAction - About to instantiate appender of type [ch.qos.logback.core.FileAppender]
12:14:30,776 |-INFO in ch.qos.logback.core.joran.action.AppenderAction - Naming appender as [myFileAppender]
12:14:30,778 |-INFO in ch.qos.logback.core.joran.action.NestedComplexPropertyIA - Assuming default type [ch.qos.logback.classic.encoder.PatternLayoutEncoder] for [encoder] property
12:14:30,778 |-INFO in ch.qos.logback.core.FileAppender[myFileAppender] - File property is set to [ReimbLogFile.log]
12:14:30,781 |-INFO in ch.qos.logback.classic.joran.action.RootLoggerAction - Setting level of ROOT logger to INFO
12:14:30,781 |-INFO in ch.qos.logback.core.joran.action.AppenderRefAction - Attaching appender named [myConsoleAppender] to Logger[ROOT]
12:14:30,782 |-INFO in ch.qos.logback.core.joran.action.AppenderRefAction - Attaching appender named [myFileAppender] to Logger[ROOT]
12:14:30,782 |-INFO in ch.qos.logback.classic.joran.action.ConfigurationAction - End of configuration.
12:14:30,783 |-INFO in ch.qos.logback.classic.joran.JoranConfigurator@3f419e3b - Registering current configuration as safe fallback point

06 04 2022 - 12:14:30.841 [Test worker] INFO  c.r.service.ReimbursementService - User requested reimbursement of id 1.
06 04 2022 - 12:14:30.863 [Test worker] INFO  c.r.service.ReimbursementService - User requested reimbursement of id 1.
06 04 2022 - 12:14:30.885 [Test worker] INFO  c.r.service.ReimbursementService - User 1 added a reimbursement.
06 04 2022 - 12:14:30.888 [Test worker] INFO  c.r.service.ReimbursementService - User requested all reimbursements for the Finance department.
06 04 2022 - 12:14:30.892 [Test worker] INFO  c.r.service.ReimbursementService - User requested reimbursement of id 1.
06 04 2022 - 12:14:30.895 [Test worker] INFO  c.r.service.ReimbursementService - User requested reimbursement of id 1.
06 04 2022 - 12:14:30.898 [Test worker] INFO  c.r.service.ReimbursementService - User requested all Approvedreimbursements from the Finance department.
06 04 2022 - 12:14:30.903 [Test worker] INFO  c.r.service.ReimbursementService - User requested reimbursement of id 1.
06 04 2022 - 12:14:30.912 [Test worker] INFO  c.r.service.ReimbursementService - User requested reimbursement of id 1.
06 04 2022 - 12:14:30.917 [Test worker] INFO  c.r.service.ReimbursementService - User requested all reimbursements.
06 04 2022 - 12:14:30.921 [Test worker] INFO  c.r.service.ReimbursementService - User requested all Pending reimbursements for user 1.
06 04 2022 - 12:14:30.927 [Test worker] INFO  c.r.service.ReimbursementService - User requested all reimbursements for 1.
06 04 2022 - 12:14:30.929 [Test worker] INFO  c.r.service.ReimbursementService - User requested all Approved reimbursements for user 1.
06 04 2022 - 12:14:30.931 [Test worker] INFO  c.r.service.ReimbursementService - User requested all Rejected reimbursements.
06 04 2022 - 12:14:30.935 [Test worker] INFO  c.r.service.ReimbursementService - User requested reimbursement of id 1.
06 04 2022 - 12:14:30.935 [Test worker] INFO  c.r.service.ReimbursementService - User deleted a reimbursement with an id of 1.
06 04 2022 - 12:14:30.944 [Test worker] INFO  c.r.service.ReimbursementService - User 1 added a reimbursement.
06 04 2022 - 12:14:30.946 [Test worker] INFO  c.r.service.ReimbursementService - User requested reimbursement of id 101.
06 04 2022 - 12:14:30.947 [Test worker] INFO  c.r.service.ReimbursementService - User updated the status of reimbursement with an id of 101 to 303.
06 04 2022 - 12:14:30.953 [Test worker] INFO  c.r.service.ReimbursementService - User requested reimbursement of id 1.
06 04 2022 - 12:14:30.955 [Test worker] INFO  c.r.service.ReimbursementService - User requested reimbursement of id 1.
06 04 2022 - 12:14:30.956 [Test worker] INFO  c.r.service.ReimbursementService - User edited reimbursement with an id of 1.
]]></system-out>
  <system-err><![CDATA[]]></system-err>
</testsuite>
