<?xml version="1.0" encoding="UTF-8"?>
<testsuite name="com.revature.service.JWTServiceTest" tests="4" skipped="0" failures="0" errors="0" timestamp="2022-04-06T18:14:27" hostname="DARTH-CAIT" time="1.395">
  <properties/>
  <testcase name="testCreateValidJwt()" classname="com.revature.service.JWTServiceTest" time="1.188"/>
  <testcase name="testCreatesDifferentJwtsForDifferentUsers()" classname="com.revature.service.JWTServiceTest" time="0.009"/>
  <testcase name="testParseValidJWT()" classname="com.revature.service.JWTServiceTest" time="0.168"/>
  <testcase name="testParseInvalidJWT()" classname="com.revature.service.JWTServiceTest" time="0.027"/>
  <system-out><![CDATA[]]></system-out>
  <system-err><![CDATA[]]></system-err>
</testsuite>
